Building DAG of jobs...
Using shell: /bin/bash
Provided cores: 8
Rules claiming more threads will be scaled down.
Job stats:
job         count    min threads    max threads
--------  -------  -------------  -------------
copy_DNA        1              1              1
read_DNA        1              1              1
total           2              1              1

Select jobs to execute...

[Fri Mar  4 08:38:13 2022]
rule copy_DNA:
    input: /media/newvol/yascimkamel/Pipeline/genome/Megaptera_novaeangliae/Megaptera_novaeangliae_DNAZoo.fasta
    output: /media/newvol/yascimkamel/Pipeline/Snakemake-master/copie/Megaptera_novaeangliae/Megaptera_novaeangliae_DNAZoo.fasta
    jobid: 1
    wildcards: espece=Megaptera_novaeangliae, assemblie=Megaptera_novaeangliae_
    resources: tmpdir=/tmp

[Fri Mar  4 08:38:19 2022]
Finished job 1.
1 of 2 steps (50%) done
Select jobs to execute...

[Fri Mar  4 08:38:19 2022]
rule read_DNA:
    input: /media/newvol/yascimkamel/Pipeline/Snakemake-master/copie/Megaptera_novaeangliae/Megaptera_novaeangliae_DNAZoo.fasta
    output: /media/newvol/yascimkamel/Pipeline/Snakemake-master/copie/Megaptera_novaeangliae/read/Megaptera_novaeangliae_DNAZoo_read.txt
    jobid: 0
    wildcards: espece=Megaptera_novaeangliae, assemblie=Megaptera_novaeangliae_
    resources: tmpdir=/tmp

[Fri Mar  4 08:38:22 2022]
Finished job 0.
2 of 2 steps (100%) done
Complete log: /media/newvol/yascimkamel/Pipeline/Snakemake/.snakemake/log/2022-03-04T083813.592890.snakemake.log
