Building DAG of jobs...
Using shell: /bin/bash
Provided cores: 8
Rules claiming more threads will be scaled down.
Job stats:
job      count    min threads    max threads
-----  -------  -------------  -------------
copy         1              1              1
read         1              1              1
total        2              1              1

Select jobs to execute...

[Fri Mar  4 11:34:18 2022]
rule copy:
    input: /media/newvol/yascimkamel/Pipeline/genome/copie/Megaptera_novaeangliae/Megaptera_novaeangliae_NCBI.fasta
    output: /media/newvol/yascimkamel/Pipeline/Snakemake/copie/Megaptera_novaeangliae/Megaptera_novaeangliae_NCBI.fasta
    jobid: 1
    wildcards: espece=Megaptera_novaeangliae, assemblie=Megaptera_novaeangliae_NCBI
    resources: tmpdir=/tmp

Terminating processes on user request, this might take some time.
[Fri Mar  4 11:34:19 2022]
Error in rule copy:
    jobid: 1
    output: /media/newvol/yascimkamel/Pipeline/Snakemake/copie/Megaptera_novaeangliae/Megaptera_novaeangliae_NCBI.fasta
    shell:
        cp /media/newvol/yascimkamel/Pipeline/genome/copie/Megaptera_novaeangliae/Megaptera_novaeangliae_NCBI.fasta /media/newvol/yascimkamel/Pipeline/Snakemake/copie/Megaptera_novaeangliae/Megaptera_novaeangliae_NCBI.fasta
        (one of the commands exited with non-zero exit code; note that snakemake uses bash strict mode!)

Complete log: /media/newvol/yascimkamel/Pipeline/Snakemake/.snakemake/log/2022-03-04T113418.411775.snakemake.log
