Building DAG of jobs...
Using shell: /bin/bash
Provided cores: 8
Rules claiming more threads will be scaled down.
Job stats:
job      count    min threads    max threads
-----  -------  -------------  -------------
copy         1              1              1
read         1              1              1
total        2              1              1

Select jobs to execute...

[Fri Mar  4 11:33:19 2022]
rule copy:
    input: /media/newvol/yascimkamel/Pipeline/genome/copie/Tursiop_truncatus/Tursiop_truncatus_DNAZoo.fasta
    output: /media/newvol/yascimkamel/Pipeline/Snakemake/copie/Tursiop_truncatus/Tursiop_truncatus_DNAZoo.fasta
    jobid: 1
    wildcards: espece=Tursiop_truncatus, assemblie=Tursiop_truncatus_DNAZoo
    resources: tmpdir=/tmp

Terminating processes on user request, this might take some time.
[Fri Mar  4 11:33:23 2022]
Error in rule copy:
    jobid: 1
    output: /media/newvol/yascimkamel/Pipeline/Snakemake/copie/Tursiop_truncatus/Tursiop_truncatus_DNAZoo.fasta
    shell:
        cp /media/newvol/yascimkamel/Pipeline/genome/copie/Tursiop_truncatus/Tursiop_truncatus_DNAZoo.fasta /media/newvol/yascimkamel/Pipeline/Snakemake/copie/Tursiop_truncatus/Tursiop_truncatus_DNAZoo.fasta
        (one of the commands exited with non-zero exit code; note that snakemake uses bash strict mode!)

Complete log: /media/newvol/yascimkamel/Pipeline/Snakemake/.snakemake/log/2022-03-04T113319.147165.snakemake.log
