Building DAG of jobs...
Using shell: /bin/bash
Provided cores: 8
Rules claiming more threads will be scaled down.
Job stats:
job         count    min threads    max threads
--------  -------  -------------  -------------
copy_DNA        1              1              1
read_DNA        1              1              1
total           2              1              1

Select jobs to execute...

[Fri Mar  4 09:02:58 2022]
rule copy_DNA:
    input: /media/newvol/yascimkamel/Pipeline/genome/Tursiop_truncatus/Tursiop_truncatus_DNAZoo.fasta
    output: /media/newvol/yascimkamel/Pipeline/Snakemake/copie/Tursiop_truncatus/Tursiop_truncatus_DNAZoo.fasta
    jobid: 1
    wildcards: espece=Tursiop_truncatus, assemblie=Tursiop_truncatus_
    resources: tmpdir=/tmp

[Fri Mar  4 09:03:03 2022]
Finished job 1.
1 of 2 steps (50%) done
Select jobs to execute...

[Fri Mar  4 09:03:03 2022]
rule read_DNA:
    input: /media/newvol/yascimkamel/Pipeline/Snakemake/copie/Tursiop_truncatus/Tursiop_truncatus_DNAZoo.fasta
    output: /media/newvol/yascimkamel/Pipeline/Snakemake/copie/Tursiop_truncatus/read/Tursiop_truncatus_DNAZoo_read.txt
    jobid: 0
    wildcards: espece=Tursiop_truncatus, assemblie=Tursiop_truncatus_
    resources: tmpdir=/tmp

[Fri Mar  4 09:03:05 2022]
Finished job 0.
2 of 2 steps (100%) done
Complete log: /media/newvol/yascimkamel/Pipeline/Snakemake/.snakemake/log/2022-03-04T090258.508142.snakemake.log
