Building DAG of jobs...
Using shell: /bin/bash
Provided cores: 8
Rules claiming more threads will be scaled down.
Job stats:
job           count    min threads    max threads
----------  -------  -------------  -------------
merge_read        1              1              1
read_DNA          1              1              1
read_NCBI         1              1              1
total             3              1              1

Select jobs to execute...

[Fri Mar  4 09:35:03 2022]
rule read_NCBI:
    input: /media/newvol/yascimkamel/Pipeline/genome/copie/Tursiop_truncatus/Tursiop_truncatus_NCBI.fna
    output: /media/newvol/yascimkamel/Pipeline/Snakemake/copie/Tursiop_truncatus/read/Tursiop_truncatus_NCBI_read.txt
    jobid: 2
    wildcards: espece=copie/Tursiop_truncatus, assemblie=Tursiop_truncatus_
    resources: tmpdir=/tmp


[Fri Mar  4 09:35:03 2022]
rule read_DNA:
    input: /media/newvol/yascimkamel/Pipeline/genome/copie/Tursiop_truncatus/Tursiop_truncatus_DNAZoo.fasta
    output: /media/newvol/yascimkamel/Pipeline/Snakemake/copie/copie/Tursiop_truncatus/read/Tursiop_truncatus_DNAZoo_read.txt
    jobid: 1
    wildcards: espece=copie/Tursiop_truncatus, assemblie=Tursiop_truncatus_
    resources: tmpdir=/tmp

[Fri Mar  4 09:35:08 2022]
Finished job 1.
1 of 3 steps (33%) done
[Fri Mar  4 09:35:08 2022]
Finished job 2.
2 of 3 steps (67%) done
Select jobs to execute...

[Fri Mar  4 09:35:08 2022]
rule merge_read:
    input: /media/newvol/yascimkamel/Pipeline/Snakemake/copie/copie/Tursiop_truncatus/read/Tursiop_truncatus_DNAZoo_read.txt, /media/newvol/yascimkamel/Pipeline/Snakemake/copie/Tursiop_truncatus/read/Tursiop_truncatus_NCBI_read.txt
    output: /media/newvol/yascimkamel/Pipeline/Snakemake/copie/Tursiop_truncatus/read/Tursiop_truncatus_all_read.txt
    jobid: 0
    wildcards: espece=copie/Tursiop_truncatus, assemblie=Tursiop_truncatus_
    resources: tmpdir=/tmp

[Fri Mar  4 09:35:08 2022]
Error in rule merge_read:
    jobid: 0
    output: /media/newvol/yascimkamel/Pipeline/Snakemake/copie/Tursiop_truncatus/read/Tursiop_truncatus_all_read.txt
    shell:
        cat/media/newvol/yascimkamel/Pipeline/Snakemake/copie/copie/Tursiop_truncatus/read/Tursiop_truncatus_DNAZoo_read.txt /media/newvol/yascimkamel/Pipeline/Snakemake/copie/Tursiop_truncatus/read/Tursiop_truncatus_NCBI_read.txt >> /media/newvol/yascimkamel/Pipeline/Snakemake/copie/Tursiop_truncatus/read/Tursiop_truncatus_all_read.txtrm /media/newvol/yascimkamel/Pipeline/Snakemake/copie/copie/Tursiop_truncatus/read/Tursiop_truncatus_DNAZoo_read.txt /media/newvol/yascimkamel/Pipeline/Snakemake/copie/Tursiop_truncatus/read/Tursiop_truncatus_NCBI_read.txt
        (one of the commands exited with non-zero exit code; note that snakemake uses bash strict mode!)

Shutting down, this might take some time.
Exiting because a job execution failed. Look above for error message
Complete log: /media/newvol/yascimkamel/Pipeline/Snakemake/.snakemake/log/2022-03-04T093503.236156.snakemake.log
